<!DOCTYPE html PUBLIC "-//W3C//DTD XHTML 1.1//EN" "https://www.w3.org/TR/xhtml11/DTD/xhtml11.dtd">
<html xmlns="https://www.w3.org/1999/xhtml">
<head>
<meta http-equiv="content-type" content="text/html; charset=UTF-8"/>
<title>TestNG Report</title>
<style type="text/css">table {margin-bottom:10px;border-collapse:collapse;empty-cells:show}th,td {border:1px solid #009;padding:.25em .5em}th {vertical-align:bottom}td {vertical-align:top}table a {font-weight:bold}.stripe td {background-color: #E6EBF9}.num {text-align:right}.passedodd td {background-color: #3F3}.passedeven td {background-color: #0A0}.skippedodd td {background-color: #DDD}.skippedeven td {background-color: #CCC}.failedodd td,.attn {background-color: #F33}.failedeven td,.stripe .attn {background-color: #D00}.stacktrace {white-space:pre;font-family:monospace}.totop {font-size:85%;text-align:center;border-bottom:2px solid #000}.invisible {display:none}</style>
</head>
<body>
<table>
<tr><th>Test</th><th># Passed</th><th># Skipped</th><th># Retried</th><th># Failed</th><th>Time (ms)</th><th>Included Groups</th><th>Excluded Groups</th></tr>
<tr><th colspan="8">ScenarioTestSuite</th></tr>
<tr><td><a href="#t0">SubmitPurchase</a></td><td class="num">5</td><td class="num">0</td><td class="num">0</td><td class="num">0</td><td class="num">34.979</td><td></td><td></td></tr>
<tr><th colspan="8">MasterSuite</th></tr>
<tr><th colspan="8">ErrorValidationTestSuite</th></tr>
<tr class="stripe"><td><a href="#t1">ErrorValidation</a></td><td class="num">1</td><td class="num">0</td><td class="num">0</td><td class="num attn">2</td><td class="num">15.669</td><td></td><td></td></tr>
<tr><th>Total</th><th class="num">6</th><th class="num">0</th><th class="num">0</th><th class="num attn">2</th><th class="num">50.648</th><th colspan="2"></th></tr>
</table>
<table id='summary'><thead><tr><th>Class</th><th>Method</th><th>Start</th><th>Time (ms)</th></tr></thead><tbody><tr><th colspan="4">ScenarioTestSuite</th></tr></tbody><tbody id="t0"><tr><th colspan="4">SubmitPurchase &#8212; passed</th></tr><tr class="passedeven"><td rowspan="5">tests.SubmitOrderTest</td><td><a href="#m0">findProductDealTest</a></td><td rowspan="1">1740313414751</td><td rowspan="1">336</td></tr><tr class="passedeven"><td><a href="#m1">submitOrderAllProductsOnceTest</a></td><td rowspan="1">1740313419157</td><td rowspan="1">3862</td></tr><tr class="passedeven"><td><a href="#m2">submitOrderNoPromoCodeTest</a></td><td rowspan="1">1740313427019</td><td rowspan="1">2234</td></tr><tr class="passedeven"><td><a href="#m3">submitOrderSearchProductTest</a></td><td rowspan="1">1740313433328</td><td rowspan="1">1148</td></tr><tr class="passedeven"><td><a href="#m4">submitOrderWithPromoCodeTest</a></td><td rowspan="1">1740313438429</td><td rowspan="1">7353</td></tr></tbody>
<tbody><tr><th colspan="4">MasterSuite</th></tr></tbody><tbody><tr><th colspan="4">ErrorValidationTestSuite</th></tr></tbody><tbody id="t1"><tr><th colspan="4">ErrorValidation &#8212; failed</th></tr><tr class="failedeven"><td rowspan="2">errorValidationTests.CountryPageErrorValidation</td><td><a href="#m5">submitOrderWithoutCountryTest</a></td><td rowspan="1">1740313399542</td><td rowspan="1">1189</td></tr><tr class="failedeven"><td><a href="#m6">submitOrderWithoutTermsAndConditionsTest</a></td><td rowspan="1">1740313404846</td><td rowspan="1">1506</td></tr><tr><th colspan="4">ErrorValidation &#8212; passed</th></tr><tr class="passedeven"><td rowspan="1">errorValidationTests.LandingPageErrorValidation</td><td><a href="#m7">AttemptCheckoutWithoutProduct</a></td><td rowspan="1">1740313410481</td><td rowspan="1">99</td></tr></tbody>
</table>
<h2>SubmitPurchase</h2><h3 id="m0">tests.SubmitOrderTest#findProductDealTest</h3><table class="result"><tr><th class="invisible"/></tr></table><p class="totop"><a href="#summary">back to summary</a></p>
<h3 id="m1">tests.SubmitOrderTest#submitOrderAllProductsOnceTest</h3><table class="result"><tr><th class="invisible"/></tr></table><p class="totop"><a href="#summary">back to summary</a></p>
<h3 id="m2">tests.SubmitOrderTest#submitOrderNoPromoCodeTest</h3><table class="result"><tr><th class="invisible"/></tr></table><p class="totop"><a href="#summary">back to summary</a></p>
<h3 id="m3">tests.SubmitOrderTest#submitOrderSearchProductTest</h3><table class="result"><tr><th class="invisible"/></tr></table><p class="totop"><a href="#summary">back to summary</a></p>
<h3 id="m4">tests.SubmitOrderTest#submitOrderWithPromoCodeTest</h3><table class="result"><tr><th class="invisible"/></tr></table><p class="totop"><a href="#summary">back to summary</a></p>
<h2>ErrorValidation</h2><h3 id="m5">errorValidationTests.CountryPageErrorValidation#submitOrderWithoutCountryTest</h3><table class="result"><tr><th>Exception</th></tr><tr><td><div class="stacktrace">java.lang.AssertionError: Terms and conditions or Country to are selected when neither of them was expected expected [false] but found [true]
	at errorValidationTests.CountryPageErrorValidation.submitOrderWithoutCountryTest(CountryPageErrorValidation.java:35)
	at java.base/java.util.ArrayList.forEach(ArrayList.java:1596)
	at java.base/java.util.concurrent.FutureTask.run(FutureTask.java:317)
	at java.base/java.util.concurrent.ThreadPoolExecutor.runWorker(ThreadPoolExecutor.java:1144)
	at java.base/java.util.concurrent.ThreadPoolExecutor$Worker.run(ThreadPoolExecutor.java:642)
	at java.base/java.lang.Thread.run(Thread.java:1583)
... Removed 21 stack frames</div></td></tr></table><p class="totop"><a href="#summary">back to summary</a></p>
<h3 id="m6">errorValidationTests.CountryPageErrorValidation#submitOrderWithoutTermsAndConditionsTest</h3><table class="result"><tr><th>Exception</th></tr><tr><td><div class="stacktrace">java.lang.AssertionError: Expected Terms and conditions to NOT be selected expected [false] but found [true]
	at errorValidationTests.CountryPageErrorValidation.submitOrderWithoutTermsAndConditionsTest(CountryPageErrorValidation.java:19)
	at java.base/java.util.ArrayList.forEach(ArrayList.java:1596)
	at java.base/java.util.concurrent.FutureTask.run(FutureTask.java:317)
	at java.base/java.util.concurrent.ThreadPoolExecutor.runWorker(ThreadPoolExecutor.java:1144)
	at java.base/java.util.concurrent.ThreadPoolExecutor$Worker.run(ThreadPoolExecutor.java:642)
	at java.base/java.lang.Thread.run(Thread.java:1583)
... Removed 21 stack frames</div></td></tr></table><p class="totop"><a href="#summary">back to summary</a></p>
<h3 id="m7">errorValidationTests.LandingPageErrorValidation#AttemptCheckoutWithoutProduct</h3><table class="result"><tr><th class="invisible"/></tr></table><p class="totop"><a href="#summary">back to summary</a></p>
</body>
</html>
