<?xml version="1.0" encoding="UTF-8"?>
<!-- Generated by org.testng.reporters.JUnitXMLReporter -->
<testsuite ignored="0" hostname="DESKTOP-VA3AMHQ" failures="2" tests="3" name="ErrorValidation" time="15.669" errors="0" timestamp="2025-02-23T14:23:31 EET">
  <testcase classname="errorValidationTests.CountryPageErrorValidation" name="submitOrderWithoutCountryTest" time="1.189">
    <failure type="java.lang.AssertionError" message="Terms and conditions or Country to are selected when neither of them was expected expected [false] but found [true]">
      <![CDATA[java.lang.AssertionError: Terms and conditions or Country to are selected when neither of them was expected expected [false] but found [true]
at errorValidationTests.CountryPageErrorValidation.submitOrderWithoutCountryTest(CountryPageErrorValidation.java:35)
at java.base/java.util.ArrayList.forEach(ArrayList.java:1596)
at java.base/java.util.concurrent.FutureTask.run(FutureTask.java:317)
at java.base/java.util.concurrent.ThreadPoolExecutor.runWorker(ThreadPoolExecutor.java:1144)
at java.base/java.util.concurrent.ThreadPoolExecutor$Worker.run(ThreadPoolExecutor.java:642)
at java.base/java.lang.Thread.run(Thread.java:1583)
... Removed 21 stack frames]]>
    </failure>
  </testcase> <!-- submitOrderWithoutCountryTest -->
  <testcase classname="errorValidationTests.CountryPageErrorValidation" name="submitOrderWithoutTermsAndConditionsTest" time="1.506">
    <failure type="java.lang.AssertionError" message="Expected Terms and conditions to NOT be selected expected [false] but found [true]">
      <![CDATA[java.lang.AssertionError: Expected Terms and conditions to NOT be selected expected [false] but found [true]
at errorValidationTests.CountryPageErrorValidation.submitOrderWithoutTermsAndConditionsTest(CountryPageErrorValidation.java:19)
at java.base/java.util.ArrayList.forEach(ArrayList.java:1596)
at java.base/java.util.concurrent.FutureTask.run(FutureTask.java:317)
at java.base/java.util.concurrent.ThreadPoolExecutor.runWorker(ThreadPoolExecutor.java:1144)
at java.base/java.util.concurrent.ThreadPoolExecutor$Worker.run(ThreadPoolExecutor.java:642)
at java.base/java.lang.Thread.run(Thread.java:1583)
... Removed 21 stack frames]]>
    </failure>
  </testcase> <!-- submitOrderWithoutTermsAndConditionsTest -->
  <testcase classname="errorValidationTests.LandingPageErrorValidation" name="AttemptCheckoutWithoutProduct" time="0.099"/>
</testsuite> <!-- ErrorValidation -->
